<?xml version="1.0" encoding="UTF-8"?>
<testsuite xmlns:xsi="http://www.w3.org/2001/XMLSchema-instance" xsi:noNamespaceSchemaLocation="https://maven.apache.org/surefire/maven-surefire-plugin/xsd/surefire-test-report-3.0.xsd" version="3.0" name="ch.unil.doplab.grocerystorewebsite.v1.tests.FoodControllerTest" time="0.562" tests="7" errors="0" skipped="0" failures="0">
  <properties>
[...]
</properties>
  <testcase name="testTimeOut" classname="ch.unil.doplab.grocerystorewebsite.v1.tests.FoodControllerTest" time="0.52">
    <system-out><![CDATA[@BeforeAll setUpClass
FoodControllerTest constructor
@BeforeEach setUp
@Test testTimeOut
@AfterEach tearDown
]]></system-out>
  </testcase>
  <testcase name="testClassCastException" classname="ch.unil.doplab.grocerystorewebsite.v1.tests.FoodControllerTest" time="0.004">
    <system-out><![CDATA[FoodControllerTest constructor
@BeforeEach setUp
@Test testClassCastException
@AfterEach tearDown
]]></system-out>
  </testcase>
  <testcase name="testIndexOutOfBoundsException" classname="ch.unil.doplab.grocerystorewebsite.v1.tests.FoodControllerTest" time="0.002">
    <system-out><![CDATA[FoodControllerTest constructor
@BeforeEach setUp
@Test testIndexOutOfBoundsException
@AfterEach tearDown
]]></system-out>
  </testcase>
  <testcase name="testArithmeticException" classname="ch.unil.doplab.grocerystorewebsite.v1.tests.FoodControllerTest" time="0.001">
    <system-out><![CDATA[FoodControllerTest constructor
@BeforeEach setUp
@Test testArithmeticException
@AfterEach tearDown
]]></system-out>
  </testcase>
  <testcase name="testRemoveFoodFromShoppingCart" classname="ch.unil.doplab.grocerystorewebsite.v1.tests.FoodControllerTest" time="0.002">
    <system-out><![CDATA[FoodControllerTest constructor
@BeforeEach setUp
@Test testRemoveFoodFromShoppingCart
@AfterEach tearDown
]]></system-out>
  </testcase>
  <testcase name="testNumberFormatException" classname="ch.unil.doplab.grocerystorewebsite.v1.tests.FoodControllerTest" time="0.001">
    <system-out><![CDATA[FoodControllerTest constructor
@BeforeEach setUp
@Test testNumberFormatException
@AfterEach tearDown
]]></system-out>
  </testcase>
  <testcase name="testAddFoodToShoppingCart" classname="ch.unil.doplab.grocerystorewebsite.v1.tests.FoodControllerTest" time="0.001">
    <system-out><![CDATA[FoodControllerTest constructor
@BeforeEach setUp
@Test testAddFoodToShoppingCart
@AfterEach tearDown
]]></system-out>
  </testcase>
</testsuite>